(node:10438) [DEP0187] DeprecationWarning: Passing invalid argument types to fs.existsSync is deprecated
(Use `node --trace-deprecation ...` to show where the warning was created)
Initializing
Command-line options: --verbose, --gruntfile=null

Reading "Gruntfile.cjs" Gruntfile...OK

Registering Gruntfile tasks.
Loading "Gruntfile.cjs" tasks...OK
+ build, build-for-server, build-images, check, checkout-main, checkout-main-all, checkout-release, checkout-shas, checkout-target, cherry-pick, clean, compare-phet-io-api, create-one-off, create-release, create-sim, create-yaml, default, dev, dev-server, dev-server-runnable, generate-data, generate-development-html, generate-development-strings, generate-phet-io-api, generate-test-html, generate-used-strings-file, interact, interact-daemon, lint, lint-everything, lint-project, modulify, npm-update, one-off, output-js-project, pdom-snapshots, pre-commit, print-a11y-view, production, prototype, published-readme, rc, release-branch-list, report-media, report-third-party, sha-check, sim-list, sync, test-a11y, transpile, type-check, unpublished-readme, update, update-copyright-dates, yaml-to-babel

No tasks specified, running default tasks.
Running tasks: default

Running "default" task

Running "lint-project"
warn: Missing or incorrect build-local.json!

density-buoyancy-common:

/home/ryan/rrmudry.github.io/phetsims_tools/density-buoyancy-common/js/common/DensityBuoyancyCommonQueryParameters.ts
   12:34   error  A space is required after '['            array-bracket-spacing
   12:62   error  A space is required before ']'           array-bracket-spacing
   13:27   error  There must be a space after this paren   space-in-parens
   13:52   error  There must be a space before this paren  space-in-parens
   15:71   error  There must be a space after this paren   space-in-parens
   21:19   error  There must be a space after this paren   space-in-parens
   21:33   error  There must be a space before this paren  space-in-parens
  188:2    error  There must be a space before this paren  space-in-parens
  190:31   error  There must be a space after this paren   space-in-parens
  190:108  error  There must be a space before this paren  space-in-parens

✖ 10 problems (10 errors, 0 warnings)
  10 errors and 0 warnings potentially fixable with the `--fix` option.



Caught interrupt signal, exiting
