(node:11065) [DEP0187] DeprecationWarning: Passing invalid argument types to fs.existsSync is deprecated
(Use `node --trace-deprecation ...` to show where the warning was created)
Running "build" task
warn: Missing or incorrect build-local.json!
>> Transpile complete:			1824ms
Building runnable repository (Buoyancy_Basics, brands: adapted-from-phet)
Building brand: adapted-from-phet
Webpack build errors: [
  ModuleNotFoundError: Module not found: Error: Can't resolve '../chipper/dist/js/Buoyancy_Basics/js/Buoyancy_Basics-main.js' in '/home/ryan/rrmudry.github.io/phetsims_tools/Buoyancy_Basics'
      at /home/ryan/rrmudry.github.io/phetsims_tools/chipper/node_modules/webpack/lib/Compilation.js:2109:28
      at /home/ryan/rrmudry.github.io/phetsims_tools/chipper/node_modules/webpack/lib/NormalModuleFactory.js:908:13
      at eval (eval at create (/home/ryan/rrmudry.github.io/phetsims_tools/chipper/node_modules/tapable/lib/HookCodeFactory.js:31:10), <anonymous>:10:1)
      at /home/ryan/rrmudry.github.io/phetsims_tools/chipper/node_modules/webpack/lib/NormalModuleFactory.js:333:22
      at eval (eval at create (/home/ryan/rrmudry.github.io/phetsims_tools/chipper/node_modules/tapable/lib/HookCodeFactory.js:31:10), <anonymous>:9:1)
      at /home/ryan/rrmudry.github.io/phetsims_tools/chipper/node_modules/webpack/lib/NormalModuleFactory.js:512:22
      at /home/ryan/rrmudry.github.io/phetsims_tools/chipper/node_modules/webpack/lib/NormalModuleFactory.js:150:10
      at /home/ryan/rrmudry.github.io/phetsims_tools/chipper/node_modules/webpack/lib/NormalModuleFactory.js:775:25
      at /home/ryan/rrmudry.github.io/phetsims_tools/chipper/node_modules/webpack/lib/NormalModuleFactory.js:992:8
      at /home/ryan/rrmudry.github.io/phetsims_tools/chipper/node_modules/webpack/lib/NormalModuleFactory.js:1121:5
  resolve '../chipper/dist/js/Buoyancy_Basics/js/Buoyancy_Basics-main.js' in '/home/ryan/rrmudry.github.io/phetsims_tools/Buoyancy_Basics'
    using description file: /home/ryan/rrmudry.github.io/phetsims_tools/Buoyancy_Basics/package.json (relative path: .)
      Field 'browser' doesn't contain a valid alias configuration
      using description file: /home/ryan/rrmudry.github.io/phetsims_tools/chipper/package.json (relative path: ./dist/js/Buoyancy_Basics/js/Buoyancy_Basics-main.js)
        no extension
          Field 'browser' doesn't contain a valid alias configuration
          /home/ryan/rrmudry.github.io/phetsims_tools/chipper/dist/js/Buoyancy_Basics/js/Buoyancy_Basics-main.js doesn't exist
        .js
          Field 'browser' doesn't contain a valid alias configuration
          /home/ryan/rrmudry.github.io/phetsims_tools/chipper/dist/js/Buoyancy_Basics/js/Buoyancy_Basics-main.js.js doesn't exist
        .json
          Field 'browser' doesn't contain a valid alias configuration
          /home/ryan/rrmudry.github.io/phetsims_tools/chipper/dist/js/Buoyancy_Basics/js/Buoyancy_Basics-main.js.json doesn't exist
        .wasm
          Field 'browser' doesn't contain a valid alias configuration
          /home/ryan/rrmudry.github.io/phetsims_tools/chipper/dist/js/Buoyancy_Basics/js/Buoyancy_Basics-main.js.wasm doesn't exist
        as directory
          /home/ryan/rrmudry.github.io/phetsims_tools/chipper/dist/js/Buoyancy_Basics/js/Buoyancy_Basics-main.js doesn't exist
]
node:internal/process/promises:332
    triggerUncaughtException(err, true /* fromPromise */);
    ^

ModuleNotFoundError: Module not found: Error: Can't resolve '../chipper/dist/js/Buoyancy_Basics/js/Buoyancy_Basics-main.js' in '/home/ryan/rrmudry.github.io/phetsims_tools/Buoyancy_Basics'
    at /home/ryan/rrmudry.github.io/phetsims_tools/chipper/node_modules/webpack/lib/Compilation.js:2109:28
    at /home/ryan/rrmudry.github.io/phetsims_tools/chipper/node_modules/webpack/lib/NormalModuleFactory.js:908:13
    at eval (eval at create (/home/ryan/rrmudry.github.io/phetsims_tools/chipper/node_modules/tapable/lib/HookCodeFactory.js:31:10), <anonymous>:10:1)
    at /home/ryan/rrmudry.github.io/phetsims_tools/chipper/node_modules/webpack/lib/NormalModuleFactory.js:333:22
    at eval (eval at create (/home/ryan/rrmudry.github.io/phetsims_tools/chipper/node_modules/tapable/lib/HookCodeFactory.js:31:10), <anonymous>:9:1)
    at /home/ryan/rrmudry.github.io/phetsims_tools/chipper/node_modules/webpack/lib/NormalModuleFactory.js:512:22
    at /home/ryan/rrmudry.github.io/phetsims_tools/chipper/node_modules/webpack/lib/NormalModuleFactory.js:150:10
    at /home/ryan/rrmudry.github.io/phetsims_tools/chipper/node_modules/webpack/lib/NormalModuleFactory.js:775:25
    at /home/ryan/rrmudry.github.io/phetsims_tools/chipper/node_modules/webpack/lib/NormalModuleFactory.js:992:8
    at /home/ryan/rrmudry.github.io/phetsims_tools/chipper/node_modules/webpack/lib/NormalModuleFactory.js:1121:5 {
  details: "resolve '../chipper/dist/js/Buoyancy_Basics/js/Buoyancy_Basics-main.js' in '/home/ryan/rrmudry.github.io/phetsims_tools/Buoyancy_Basics'\n" +
    '  using description file: /home/ryan/rrmudry.github.io/phetsims_tools/Buoyancy_Basics/package.json (relative path: .)\n' +
    "    Field 'browser' doesn't contain a valid alias configuration\n" +
    '    using description file: /home/ryan/rrmudry.github.io/phetsims_tools/chipper/package.json (relative path: ./dist/js/Buoyancy_Basics/js/Buoyancy_Basics-main.js)\n' +
    '      no extension\n' +
    "        Field 'browser' doesn't contain a valid alias configuration\n" +
    "        /home/ryan/rrmudry.github.io/phetsims_tools/chipper/dist/js/Buoyancy_Basics/js/Buoyancy_Basics-main.js doesn't exist\n" +
    '      .js\n' +
    "        Field 'browser' doesn't contain a valid alias configuration\n" +
    "        /home/ryan/rrmudry.github.io/phetsims_tools/chipper/dist/js/Buoyancy_Basics/js/Buoyancy_Basics-main.js.js doesn't exist\n" +
    '      .json\n' +
    "        Field 'browser' doesn't contain a valid alias configuration\n" +
    "        /home/ryan/rrmudry.github.io/phetsims_tools/chipper/dist/js/Buoyancy_Basics/js/Buoyancy_Basics-main.js.json doesn't exist\n" +
    '      .wasm\n' +
    "        Field 'browser' doesn't contain a valid alias configuration\n" +
    "        /home/ryan/rrmudry.github.io/phetsims_tools/chipper/dist/js/Buoyancy_Basics/js/Buoyancy_Basics-main.js.wasm doesn't exist\n" +
    '      as directory\n' +
    "        /home/ryan/rrmudry.github.io/phetsims_tools/chipper/dist/js/Buoyancy_Basics/js/Buoyancy_Basics-main.js doesn't exist",
  module: null,
  loc: { name: 'repo' },
  hideStack: undefined,
  chunk: undefined,
  file: undefined,
  error: Error: Can't resolve '../chipper/dist/js/Buoyancy_Basics/js/Buoyancy_Basics-main.js' in '/home/ryan/rrmudry.github.io/phetsims_tools/Buoyancy_Basics'
      at finishWithoutResolve (/home/ryan/rrmudry.github.io/phetsims_tools/chipper/node_modules/enhanced-resolve/lib/Resolver.js:586:18)
      at /home/ryan/rrmudry.github.io/phetsims_tools/chipper/node_modules/enhanced-resolve/lib/Resolver.js:678:14
      at /home/ryan/rrmudry.github.io/phetsims_tools/chipper/node_modules/enhanced-resolve/lib/Resolver.js:739:5
      at eval (eval at create (/home/ryan/rrmudry.github.io/phetsims_tools/chipper/node_modules/tapable/lib/HookCodeFactory.js:31:10), <anonymous>:15:1)
      at /home/ryan/rrmudry.github.io/phetsims_tools/chipper/node_modules/enhanced-resolve/lib/Resolver.js:739:5
      at eval (eval at create (/home/ryan/rrmudry.github.io/phetsims_tools/chipper/node_modules/tapable/lib/HookCodeFactory.js:31:10), <anonymous>:27:1)
      at /home/ryan/rrmudry.github.io/phetsims_tools/chipper/node_modules/enhanced-resolve/lib/DescriptionFilePlugin.js:89:43
      at /home/ryan/rrmudry.github.io/phetsims_tools/chipper/node_modules/enhanced-resolve/lib/Resolver.js:739:5
      at eval (eval at create (/home/ryan/rrmudry.github.io/phetsims_tools/chipper/node_modules/tapable/lib/HookCodeFactory.js:31:10), <anonymous>:15:1)
      at /home/ryan/rrmudry.github.io/phetsims_tools/chipper/node_modules/enhanced-resolve/lib/Resolver.js:739:5 {
    details: "resolve '../chipper/dist/js/Buoyancy_Basics/js/Buoyancy_Basics-main.js' in '/home/ryan/rrmudry.github.io/phetsims_tools/Buoyancy_Basics'\n" +
      '  using description file: /home/ryan/rrmudry.github.io/phetsims_tools/Buoyancy_Basics/package.json (relative path: .)\n' +
      "    Field 'browser' doesn't contain a valid alias configuration\n" +
      '    using description file: /home/ryan/rrmudry.github.io/phetsims_tools/chipper/package.json (relative path: ./dist/js/Buoyancy_Basics/js/Buoyancy_Basics-main.js)\n' +
      '      no extension\n' +
      "        Field 'browser' doesn't contain a valid alias configuration\n" +
      "        /home/ryan/rrmudry.github.io/phetsims_tools/chipper/dist/js/Buoyancy_Basics/js/Buoyancy_Basics-main.js doesn't exist\n" +
      '      .js\n' +
      "        Field 'browser' doesn't contain a valid alias configuration\n" +
      "        /home/ryan/rrmudry.github.io/phetsims_tools/chipper/dist/js/Buoyancy_Basics/js/Buoyancy_Basics-main.js.js doesn't exist\n" +
      '      .json\n' +
      "        Field 'browser' doesn't contain a valid alias configuration\n" +
      "        /home/ryan/rrmudry.github.io/phetsims_tools/chipper/dist/js/Buoyancy_Basics/js/Buoyancy_Basics-main.js.json doesn't exist\n" +
      '      .wasm\n' +
      "        Field 'browser' doesn't contain a valid alias configuration\n" +
      "        /home/ryan/rrmudry.github.io/phetsims_tools/chipper/dist/js/Buoyancy_Basics/js/Buoyancy_Basics-main.js.wasm doesn't exist\n" +
      '      as directory\n' +
      "        /home/ryan/rrmudry.github.io/phetsims_tools/chipper/dist/js/Buoyancy_Basics/js/Buoyancy_Basics-main.js doesn't exist"
  }
}

Node.js v25.5.0
